[debug] [2025-08-08T14:45:46.691Z] ----------------------------------------------------------------------
[debug] [2025-08-08T14:45:46.699Z] Command:       C:\Program Files\nodejs\node.exe C:\Users\kenso\AppData\Roaming\npm\node_modules\firebase-tools\lib\bin\firebase.js deploy
[debug] [2025-08-08T14:45:46.701Z] CLI Version:   14.11.2
[debug] [2025-08-08T14:45:46.701Z] Platform:      win32
[debug] [2025-08-08T14:45:46.702Z] Node Version:  v22.17.1
[debug] [2025-08-08T14:45:46.703Z] Time:          Fri Aug 08 2025 20:15:46 GMT+0530 (India Standard Time)
[debug] [2025-08-08T14:45:46.703Z] ----------------------------------------------------------------------
[debug] 
[debug] [2025-08-08T14:45:46.708Z] >>> [apiv2][query] GET https://firebase-public.firebaseio.com/cli.json [none]
[debug] [2025-08-08T14:45:47.212Z] > command requires scopes: ["email","openid","https://www.googleapis.com/auth/cloudplatformprojects.readonly","https://www.googleapis.com/auth/firebase","https://www.googleapis.com/auth/cloud-platform"]
[debug] [2025-08-08T14:45:47.213Z] > authorizing via signed-in user (kensonfrancis2005@gmail.com)
[debug] [2025-08-08T14:45:47.213Z] [iam] checking project codm-random-loadout-generator for permissions ["firebase.projects.get","firebasehosting.sites.update"]
[debug] [2025-08-08T14:45:47.214Z] Checked if tokens are valid: false, expires at: 1754387220147
[debug] [2025-08-08T14:45:47.215Z] Checked if tokens are valid: false, expires at: 1754387220147
[debug] [2025-08-08T14:45:47.215Z] > refreshing access token with scopes: []
[debug] [2025-08-08T14:45:47.217Z] >>> [apiv2][query] POST https://www.googleapis.com/oauth2/v3/token [none]
[debug] [2025-08-08T14:45:47.217Z] >>> [apiv2][body] POST https://www.googleapis.com/oauth2/v3/token [omitted]
[debug] [2025-08-08T14:45:47.361Z] <<< [apiv2][status] POST https://www.googleapis.com/oauth2/v3/token 200
[debug] [2025-08-08T14:45:47.361Z] <<< [apiv2][body] POST https://www.googleapis.com/oauth2/v3/token [omitted]
[debug] [2025-08-08T14:45:47.375Z] >>> [apiv2][query] POST https://cloudresourcemanager.googleapis.com/v1/projects/codm-random-loadout-generator:testIamPermissions [none]
[debug] [2025-08-08T14:45:47.375Z] >>> [apiv2][(partial)header] POST https://cloudresourcemanager.googleapis.com/v1/projects/codm-random-loadout-generator:testIamPermissions x-goog-quota-user=projects/codm-random-loadout-generator
[debug] [2025-08-08T14:45:47.376Z] >>> [apiv2][body] POST https://cloudresourcemanager.googleapis.com/v1/projects/codm-random-loadout-generator:testIamPermissions {"permissions":["firebase.projects.get","firebasehosting.sites.update"]}
[debug] [2025-08-08T14:45:48.180Z] <<< [apiv2][status] GET https://firebase-public.firebaseio.com/cli.json 200
[debug] [2025-08-08T14:45:48.180Z] <<< [apiv2][body] GET https://firebase-public.firebaseio.com/cli.json {"cloudBuildErrorAfter":1594252800000,"cloudBuildWarnAfter":1590019200000,"defaultNode10After":1594252800000,"minVersion":"3.0.5","node8DeploysDisabledAfter":1613390400000,"node8RuntimeDisabledAfter":1615809600000,"node8WarnAfter":1600128000000}
